status file for recon-all
Tue Jan 23 03:43:16 UTC 2018
#@# MotionCor Tue Jan 23 03:43:24 UTC 2018
#@# Talairach Tue Jan 23 03:43:40 UTC 2018
#@# Talairach Failure Detection Tue Jan 23 03:50:12 UTC 2018
#@# Nu Intensity Correction Tue Jan 23 03:50:13 UTC 2018
#@# Intensity Normalization Tue Jan 23 04:00:48 UTC 2018
#@# Skull Stripping Tue Jan 23 04:05:14 UTC 2018
#@# EM Registration Tue Jan 23 04:37:54 UTC 2018
#@# CA Normalize Tue Jan 23 05:04:27 UTC 2018
#@# CA Reg Tue Jan 23 05:07:30 UTC 2018
#@# SubCort Seg Tue Jan 23 10:34:29 UTC 2018
#@# Merge ASeg Tue Jan 23 12:32:38 UTC 2018
#@# Intensity Normalization2 Tue Jan 23 12:32:38 UTC 2018
#@# Mask BFS Tue Jan 23 12:38:47 UTC 2018
#@# WM Segmentation Tue Jan 23 12:38:50 UTC 2018
#@# Fill Tue Jan 23 12:42:33 UTC 2018
#@# Tessellate lh Tue Jan 23 12:43:57 UTC 2018
#@# Tessellate rh Tue Jan 23 12:44:07 UTC 2018
#@# Smooth1 lh Tue Jan 23 12:44:18 UTC 2018
#@# Smooth1 rh Tue Jan 23 12:44:26 UTC 2018
#@# Inflation1 lh Tue Jan 23 12:44:35 UTC 2018
#@# Inflation1 rh Tue Jan 23 12:45:31 UTC 2018
#@# QSphere lh Tue Jan 23 12:46:30 UTC 2018
#@# QSphere rh Tue Jan 23 12:52:57 UTC 2018
#@# Fix Topology Copy lh Tue Jan 23 12:59:39 UTC 2018
#@# Fix Topology Copy rh Tue Jan 23 12:59:39 UTC 2018
#@# Fix Topology lh Tue Jan 23 12:59:40 UTC 2018
#@# Fix Topology rh Tue Jan 23 13:46:25 UTC 2018
#@# Make White Surf lh Tue Jan 23 14:27:55 UTC 2018
#@# Make White Surf rh Tue Jan 23 14:35:20 UTC 2018
#@# Smooth2 lh Tue Jan 23 14:42:56 UTC 2018
#@# Smooth2 rh Tue Jan 23 14:43:05 UTC 2018
#@# Inflation2 lh Tue Jan 23 14:43:14 UTC 2018
#@# Inflation2 rh Tue Jan 23 14:44:15 UTC 2018
#@# Curv .H and .K lh Tue Jan 23 14:45:15 UTC 2018
#@# Curv .H and .K rh Tue Jan 23 14:47:31 UTC 2018
#@# Curvature Stats lh Tue Jan 23 14:49:49 UTC 2018
#@# Curvature Stats rh Tue Jan 23 14:49:54 UTC 2018
#@# Sphere lh Tue Jan 23 14:50:00 UTC 2018
#@# Sphere rh Tue Jan 23 16:18:00 UTC 2018
#@# Surf Reg lh Tue Jan 23 17:52:38 UTC 2018
#@# Surf Reg rh Tue Jan 23 19:55:50 UTC 2018
#@# Jacobian white lh Tue Jan 23 21:47:20 UTC 2018
#@# Jacobian white rh Tue Jan 23 21:47:23 UTC 2018
#@# AvgCurv lh Tue Jan 23 21:47:26 UTC 2018
#@# AvgCurv rh Tue Jan 23 21:47:30 UTC 2018
#@# Cortical Parc lh Tue Jan 23 21:47:33 UTC 2018
#@# Cortical Parc rh Tue Jan 23 21:48:01 UTC 2018
#@# Make Pial Surf lh Tue Jan 23 21:48:28 UTC 2018
#@# Make Pial Surf rh Tue Jan 23 22:13:18 UTC 2018
#@# Surf Volume lh Tue Jan 23 22:37:32 UTC 2018
#@# Surf Volume rh Tue Jan 23 22:37:38 UTC 2018
#@# Cortical ribbon mask Tue Jan 23 22:37:43 UTC 2018
#@# Parcellation Stats lh Tue Jan 23 23:05:58 UTC 2018
#@# Parcellation Stats rh Tue Jan 23 23:08:11 UTC 2018
#@# Cortical Parc 2 lh Tue Jan 23 23:10:39 UTC 2018
#@# Cortical Parc 2 rh Tue Jan 23 23:11:09 UTC 2018
#@# Parcellation Stats 2 lh Tue Jan 23 23:11:44 UTC 2018
#@# Parcellation Stats 2 rh Tue Jan 23 23:13:07 UTC 2018
#@# Cortical Parc 3 lh Tue Jan 23 23:14:29 UTC 2018
#@# Cortical Parc 3 rh Tue Jan 23 23:14:56 UTC 2018
#@# Parcellation Stats 3 lh Tue Jan 23 23:15:24 UTC 2018
#@# Parcellation Stats 3 rh Tue Jan 23 23:16:39 UTC 2018
#@# WM/GM Contrast lh Tue Jan 23 23:18:00 UTC 2018
#@# WM/GM Contrast rh Tue Jan 23 23:18:11 UTC 2018
#@# Relabel Hypointensities Tue Jan 23 23:18:21 UTC 2018
#@# AParc-to-ASeg aparc Tue Jan 23 23:19:04 UTC 2018
#@# AParc-to-ASeg a2009s Tue Jan 23 23:27:50 UTC 2018
#@# AParc-to-ASeg DKTatlas Tue Jan 23 23:36:35 UTC 2018
#@# APas-to-ASeg Tue Jan 23 23:45:28 UTC 2018
#@# ASeg Stats Tue Jan 23 23:45:40 UTC 2018
#@# WMParc Tue Jan 23 23:52:05 UTC 2018
#@# BA_exvivo Labels lh Wed Jan 24 00:10:35 UTC 2018
#@# BA_exvivo Labels rh Wed Jan 24 00:19:34 UTC 2018
recon-all -s 3607 finished without error at Wed Jan 24 00:28:41 UTC 2018
