status file for recon-all
Tue Jan 23 03:43:32 UTC 2018
#@# MotionCor Tue Jan 23 03:43:41 UTC 2018
#@# Talairach Tue Jan 23 03:43:56 UTC 2018
#@# Talairach Failure Detection Tue Jan 23 03:50:09 UTC 2018
#@# Nu Intensity Correction Tue Jan 23 03:50:09 UTC 2018
#@# Intensity Normalization Tue Jan 23 04:00:02 UTC 2018
#@# Skull Stripping Tue Jan 23 04:04:08 UTC 2018
#@# EM Registration Tue Jan 23 04:41:27 UTC 2018
#@# CA Normalize Tue Jan 23 05:12:47 UTC 2018
#@# CA Reg Tue Jan 23 05:15:51 UTC 2018
#@# SubCort Seg Tue Jan 23 10:50:39 UTC 2018
#@# Merge ASeg Tue Jan 23 12:46:51 UTC 2018
#@# Intensity Normalization2 Tue Jan 23 12:46:51 UTC 2018
#@# Mask BFS Tue Jan 23 12:53:03 UTC 2018
#@# WM Segmentation Tue Jan 23 12:53:06 UTC 2018
#@# Fill Tue Jan 23 12:57:08 UTC 2018
#@# Tessellate lh Tue Jan 23 12:58:30 UTC 2018
#@# Tessellate rh Tue Jan 23 12:58:39 UTC 2018
#@# Smooth1 lh Tue Jan 23 12:58:49 UTC 2018
#@# Smooth1 rh Tue Jan 23 12:58:56 UTC 2018
#@# Inflation1 lh Tue Jan 23 12:59:05 UTC 2018
#@# Inflation1 rh Tue Jan 23 13:00:02 UTC 2018
#@# QSphere lh Tue Jan 23 13:00:55 UTC 2018
#@# QSphere rh Tue Jan 23 13:06:31 UTC 2018
#@# Fix Topology Copy lh Tue Jan 23 13:12:33 UTC 2018
#@# Fix Topology Copy rh Tue Jan 23 13:12:34 UTC 2018
#@# Fix Topology lh Tue Jan 23 13:12:34 UTC 2018
#@# Fix Topology rh Tue Jan 23 14:09:37 UTC 2018
#@# Make White Surf lh Tue Jan 23 15:18:49 UTC 2018
#@# Make White Surf rh Tue Jan 23 15:28:57 UTC 2018
#@# Smooth2 lh Tue Jan 23 15:36:30 UTC 2018
#@# Smooth2 rh Tue Jan 23 15:36:40 UTC 2018
#@# Inflation2 lh Tue Jan 23 15:36:49 UTC 2018
#@# Inflation2 rh Tue Jan 23 15:37:51 UTC 2018
#@# Curv .H and .K lh Tue Jan 23 15:38:52 UTC 2018
#@# Curv .H and .K rh Tue Jan 23 15:41:05 UTC 2018
#@# Curvature Stats lh Tue Jan 23 15:43:22 UTC 2018
#@# Curvature Stats rh Tue Jan 23 15:43:28 UTC 2018
#@# Sphere lh Tue Jan 23 15:43:34 UTC 2018
#@# Sphere rh Tue Jan 23 16:34:52 UTC 2018
#@# Surf Reg lh Tue Jan 23 18:04:59 UTC 2018
#@# Surf Reg rh Tue Jan 23 19:49:57 UTC 2018
#@# Jacobian white lh Tue Jan 23 21:30:06 UTC 2018
#@# Jacobian white rh Tue Jan 23 21:30:09 UTC 2018
#@# AvgCurv lh Tue Jan 23 21:30:13 UTC 2018
#@# AvgCurv rh Tue Jan 23 21:30:15 UTC 2018
#@# Cortical Parc lh Tue Jan 23 21:30:18 UTC 2018
#@# Cortical Parc rh Tue Jan 23 21:30:41 UTC 2018
#@# Make Pial Surf lh Tue Jan 23 21:31:04 UTC 2018
#@# Make Pial Surf rh Tue Jan 23 21:55:00 UTC 2018
#@# Surf Volume lh Tue Jan 23 22:17:57 UTC 2018
#@# Surf Volume rh Tue Jan 23 22:18:03 UTC 2018
#@# Cortical ribbon mask Tue Jan 23 22:18:08 UTC 2018
#@# Parcellation Stats lh Tue Jan 23 22:42:20 UTC 2018
#@# Parcellation Stats rh Tue Jan 23 22:44:41 UTC 2018
#@# Cortical Parc 2 lh Tue Jan 23 22:47:03 UTC 2018
#@# Cortical Parc 2 rh Tue Jan 23 22:47:36 UTC 2018
#@# Parcellation Stats 2 lh Tue Jan 23 22:48:10 UTC 2018
#@# Parcellation Stats 2 rh Tue Jan 23 22:49:22 UTC 2018
#@# Cortical Parc 3 lh Tue Jan 23 22:50:36 UTC 2018
#@# Cortical Parc 3 rh Tue Jan 23 22:51:00 UTC 2018
#@# Parcellation Stats 3 lh Tue Jan 23 22:51:24 UTC 2018
#@# Parcellation Stats 3 rh Tue Jan 23 22:52:32 UTC 2018
#@# WM/GM Contrast lh Tue Jan 23 22:53:43 UTC 2018
#@# WM/GM Contrast rh Tue Jan 23 22:53:54 UTC 2018
#@# Relabel Hypointensities Tue Jan 23 22:54:05 UTC 2018
#@# AParc-to-ASeg aparc Tue Jan 23 22:54:46 UTC 2018
#@# AParc-to-ASeg a2009s Tue Jan 23 23:02:58 UTC 2018
#@# AParc-to-ASeg DKTatlas Tue Jan 23 23:11:17 UTC 2018
#@# APas-to-ASeg Tue Jan 23 23:20:05 UTC 2018
#@# ASeg Stats Tue Jan 23 23:20:18 UTC 2018
#@# WMParc Tue Jan 23 23:27:40 UTC 2018
#@# BA_exvivo Labels lh Tue Jan 23 23:46:37 UTC 2018
#@# BA_exvivo Labels rh Tue Jan 23 23:55:16 UTC 2018
recon-all -s 3608 finished without error at Wed Jan 24 00:03:53 UTC 2018
