status file for recon-all
Wed Jan 24 18:36:00 UTC 2018
#@# MotionCor Wed Jan 24 18:36:29 UTC 2018
#@# Talairach Wed Jan 24 18:36:44 UTC 2018
#@# Talairach Failure Detection Wed Jan 24 18:44:59 UTC 2018
#@# Nu Intensity Correction Wed Jan 24 18:44:59 UTC 2018
#@# Intensity Normalization Wed Jan 24 18:57:00 UTC 2018
#@# Skull Stripping Wed Jan 24 19:01:02 UTC 2018
#@# EM Registration Wed Jan 24 19:38:20 UTC 2018
#@# CA Normalize Wed Jan 24 20:06:22 UTC 2018
#@# CA Reg Wed Jan 24 20:09:31 UTC 2018
#@# SubCort Seg Thu Jan 25 01:19:19 UTC 2018
#@# Merge ASeg Thu Jan 25 03:10:17 UTC 2018
#@# Intensity Normalization2 Thu Jan 25 03:10:17 UTC 2018
#@# Mask BFS Thu Jan 25 03:16:02 UTC 2018
#@# WM Segmentation Thu Jan 25 03:16:05 UTC 2018
#@# Fill Thu Jan 25 03:19:27 UTC 2018
#@# Tessellate lh Thu Jan 25 03:20:47 UTC 2018
#@# Tessellate rh Thu Jan 25 03:20:58 UTC 2018
#@# Smooth1 lh Thu Jan 25 03:21:08 UTC 2018
#@# Smooth1 rh Thu Jan 25 03:21:17 UTC 2018
#@# Inflation1 lh Thu Jan 25 03:21:25 UTC 2018
#@# Inflation1 rh Thu Jan 25 03:22:24 UTC 2018
#@# QSphere lh Thu Jan 25 03:23:22 UTC 2018
#@# QSphere rh Thu Jan 25 03:30:13 UTC 2018
#@# Fix Topology Copy lh Thu Jan 25 03:36:36 UTC 2018
#@# Fix Topology Copy rh Thu Jan 25 03:36:36 UTC 2018
#@# Fix Topology lh Thu Jan 25 03:36:36 UTC 2018
#@# Fix Topology rh Thu Jan 25 04:47:31 UTC 2018
#@# Make White Surf lh Thu Jan 25 05:54:26 UTC 2018
#@# Make White Surf rh Thu Jan 25 06:02:46 UTC 2018
#@# Smooth2 lh Thu Jan 25 06:11:01 UTC 2018
#@# Smooth2 rh Thu Jan 25 06:11:11 UTC 2018
#@# Inflation2 lh Thu Jan 25 06:11:20 UTC 2018
#@# Inflation2 rh Thu Jan 25 06:12:26 UTC 2018
#@# Curv .H and .K lh Thu Jan 25 06:13:28 UTC 2018
#@# Curv .H and .K rh Thu Jan 25 06:15:49 UTC 2018
#@# Curvature Stats lh Thu Jan 25 06:18:05 UTC 2018
#@# Curvature Stats rh Thu Jan 25 06:18:11 UTC 2018
#@# Sphere lh Thu Jan 25 06:18:18 UTC 2018
#@# Sphere rh Thu Jan 25 07:38:31 UTC 2018
#@# Surf Reg lh Thu Jan 25 09:13:16 UTC 2018
#@# Surf Reg rh Thu Jan 25 11:17:20 UTC 2018
#@# Jacobian white lh Thu Jan 25 12:54:12 UTC 2018
#@# Jacobian white rh Thu Jan 25 12:54:15 UTC 2018
#@# AvgCurv lh Thu Jan 25 12:54:18 UTC 2018
#@# AvgCurv rh Thu Jan 25 12:54:20 UTC 2018
#@# Cortical Parc lh Thu Jan 25 12:54:23 UTC 2018
#@# Cortical Parc rh Thu Jan 25 12:54:47 UTC 2018
#@# Make Pial Surf lh Thu Jan 25 12:55:11 UTC 2018
#@# Make Pial Surf rh Thu Jan 25 13:18:07 UTC 2018
#@# Surf Volume lh Thu Jan 25 13:40:48 UTC 2018
#@# Surf Volume rh Thu Jan 25 13:40:53 UTC 2018
#@# Cortical ribbon mask Thu Jan 25 13:40:59 UTC 2018
#@# Parcellation Stats lh Thu Jan 25 14:08:47 UTC 2018
#@# Parcellation Stats rh Thu Jan 25 14:10:56 UTC 2018
#@# Cortical Parc 2 lh Thu Jan 25 14:13:04 UTC 2018
#@# Cortical Parc 2 rh Thu Jan 25 14:13:34 UTC 2018
#@# Parcellation Stats 2 lh Thu Jan 25 14:14:03 UTC 2018
#@# Parcellation Stats 2 rh Thu Jan 25 14:15:11 UTC 2018
#@# Cortical Parc 3 lh Thu Jan 25 14:16:21 UTC 2018
#@# Cortical Parc 3 rh Thu Jan 25 14:16:45 UTC 2018
#@# Parcellation Stats 3 lh Thu Jan 25 14:17:08 UTC 2018
#@# Parcellation Stats 3 rh Thu Jan 25 14:18:19 UTC 2018
#@# WM/GM Contrast lh Thu Jan 25 14:19:27 UTC 2018
#@# WM/GM Contrast rh Thu Jan 25 14:19:39 UTC 2018
#@# Relabel Hypointensities Thu Jan 25 14:19:49 UTC 2018
#@# AParc-to-ASeg aparc Thu Jan 25 14:20:29 UTC 2018
#@# AParc-to-ASeg a2009s Thu Jan 25 14:28:52 UTC 2018
#@# AParc-to-ASeg DKTatlas Thu Jan 25 14:37:13 UTC 2018
#@# APas-to-ASeg Thu Jan 25 14:45:35 UTC 2018
#@# ASeg Stats Thu Jan 25 14:45:46 UTC 2018
#@# WMParc Thu Jan 25 14:52:05 UTC 2018
#@# BA_exvivo Labels lh Thu Jan 25 15:09:33 UTC 2018
#@# BA_exvivo Labels rh Thu Jan 25 15:17:58 UTC 2018
recon-all -s 3311 finished without error at Thu Jan 25 15:26:15 UTC 2018
