status file for recon-all
Tue Jan 23 03:44:43 UTC 2018
#@# MotionCor Tue Jan 23 03:45:00 UTC 2018
#@# Talairach Tue Jan 23 03:45:14 UTC 2018
#@# Talairach Failure Detection Tue Jan 23 03:52:09 UTC 2018
#@# Nu Intensity Correction Tue Jan 23 03:52:09 UTC 2018
#@# Intensity Normalization Tue Jan 23 04:00:51 UTC 2018
#@# Skull Stripping Tue Jan 23 04:04:43 UTC 2018
#@# EM Registration Tue Jan 23 04:41:15 UTC 2018
#@# CA Normalize Tue Jan 23 05:12:42 UTC 2018
#@# CA Reg Tue Jan 23 05:15:51 UTC 2018
#@# SubCort Seg Tue Jan 23 11:08:34 UTC 2018
#@# Merge ASeg Tue Jan 23 12:46:20 UTC 2018
#@# Intensity Normalization2 Tue Jan 23 12:46:20 UTC 2018
#@# Mask BFS Tue Jan 23 12:52:35 UTC 2018
#@# WM Segmentation Tue Jan 23 12:52:38 UTC 2018
#@# Fill Tue Jan 23 12:55:48 UTC 2018
#@# Tessellate lh Tue Jan 23 12:57:05 UTC 2018
#@# Tessellate rh Tue Jan 23 12:57:15 UTC 2018
#@# Smooth1 lh Tue Jan 23 12:57:24 UTC 2018
#@# Smooth1 rh Tue Jan 23 12:57:33 UTC 2018
#@# Inflation1 lh Tue Jan 23 12:57:42 UTC 2018
#@# Inflation1 rh Tue Jan 23 12:58:43 UTC 2018
#@# QSphere lh Tue Jan 23 12:59:44 UTC 2018
#@# QSphere rh Tue Jan 23 13:06:35 UTC 2018
#@# Fix Topology Copy lh Tue Jan 23 13:13:17 UTC 2018
#@# Fix Topology Copy rh Tue Jan 23 13:13:17 UTC 2018
#@# Fix Topology lh Tue Jan 23 13:13:17 UTC 2018
#@# Fix Topology rh Tue Jan 23 13:18:40 UTC 2018
#@# Make White Surf lh Tue Jan 23 13:33:43 UTC 2018
#@# Make White Surf rh Tue Jan 23 13:41:55 UTC 2018
#@# Smooth2 lh Tue Jan 23 13:49:54 UTC 2018
#@# Smooth2 rh Tue Jan 23 13:50:02 UTC 2018
#@# Inflation2 lh Tue Jan 23 13:50:11 UTC 2018
#@# Inflation2 rh Tue Jan 23 13:51:10 UTC 2018
#@# Curv .H and .K lh Tue Jan 23 13:52:10 UTC 2018
#@# Curv .H and .K rh Tue Jan 23 13:54:20 UTC 2018
#@# Curvature Stats lh Tue Jan 23 13:56:27 UTC 2018
#@# Curvature Stats rh Tue Jan 23 13:56:33 UTC 2018
#@# Sphere lh Tue Jan 23 13:56:39 UTC 2018
#@# Sphere rh Tue Jan 23 15:07:14 UTC 2018
#@# Surf Reg lh Tue Jan 23 16:17:47 UTC 2018
#@# Surf Reg rh Tue Jan 23 17:59:34 UTC 2018
#@# Jacobian white lh Tue Jan 23 19:58:09 UTC 2018
#@# Jacobian white rh Tue Jan 23 19:58:13 UTC 2018
#@# AvgCurv lh Tue Jan 23 19:58:16 UTC 2018
#@# AvgCurv rh Tue Jan 23 19:58:18 UTC 2018
#@# Cortical Parc lh Tue Jan 23 19:58:21 UTC 2018
#@# Cortical Parc rh Tue Jan 23 19:58:50 UTC 2018
#@# Make Pial Surf lh Tue Jan 23 19:59:17 UTC 2018
#@# Make Pial Surf rh Tue Jan 23 20:25:03 UTC 2018
#@# Surf Volume lh Tue Jan 23 20:50:40 UTC 2018
#@# Surf Volume rh Tue Jan 23 20:50:48 UTC 2018
#@# Cortical ribbon mask Tue Jan 23 20:50:53 UTC 2018
#@# Parcellation Stats lh Tue Jan 23 21:16:43 UTC 2018
#@# Parcellation Stats rh Tue Jan 23 21:19:19 UTC 2018
#@# Cortical Parc 2 lh Tue Jan 23 21:21:52 UTC 2018
#@# Cortical Parc 2 rh Tue Jan 23 21:22:27 UTC 2018
#@# Parcellation Stats 2 lh Tue Jan 23 21:23:01 UTC 2018
#@# Parcellation Stats 2 rh Tue Jan 23 21:24:21 UTC 2018
#@# Cortical Parc 3 lh Tue Jan 23 21:25:37 UTC 2018
#@# Cortical Parc 3 rh Tue Jan 23 21:26:06 UTC 2018
#@# Parcellation Stats 3 lh Tue Jan 23 21:26:34 UTC 2018
#@# Parcellation Stats 3 rh Tue Jan 23 21:27:47 UTC 2018
#@# WM/GM Contrast lh Tue Jan 23 21:29:01 UTC 2018
#@# WM/GM Contrast rh Tue Jan 23 21:29:12 UTC 2018
#@# Relabel Hypointensities Tue Jan 23 21:29:22 UTC 2018
#@# AParc-to-ASeg aparc Tue Jan 23 21:30:01 UTC 2018
#@# AParc-to-ASeg a2009s Tue Jan 23 21:38:16 UTC 2018
#@# AParc-to-ASeg DKTatlas Tue Jan 23 21:46:42 UTC 2018
#@# APas-to-ASeg Tue Jan 23 21:55:10 UTC 2018
#@# ASeg Stats Tue Jan 23 21:55:23 UTC 2018
#@# WMParc Tue Jan 23 22:03:24 UTC 2018
#@# BA_exvivo Labels lh Tue Jan 23 22:22:50 UTC 2018
#@# BA_exvivo Labels rh Tue Jan 23 22:31:38 UTC 2018
recon-all -s 3666 finished without error at Tue Jan 23 22:40:40 UTC 2018
