status file for recon-all
Sat Jan 27 01:15:57 UTC 2018
#@# MotionCor Sat Jan 27 01:16:58 UTC 2018
#@# Talairach Sat Jan 27 01:17:17 UTC 2018
#@# Talairach Failure Detection Sat Jan 27 01:24:06 UTC 2018
#@# Nu Intensity Correction Sat Jan 27 01:24:06 UTC 2018
#@# Intensity Normalization Sat Jan 27 01:34:39 UTC 2018
#@# Skull Stripping Sat Jan 27 01:38:34 UTC 2018
#@# EM Registration Sat Jan 27 02:20:34 UTC 2018
#@# CA Normalize Sat Jan 27 02:52:34 UTC 2018
#@# CA Reg Sat Jan 27 02:55:51 UTC 2018
#@# SubCort Seg Sat Jan 27 08:17:30 UTC 2018
#@# Merge ASeg Sat Jan 27 09:57:28 UTC 2018
#@# Intensity Normalization2 Sat Jan 27 09:57:28 UTC 2018
#@# Mask BFS Sat Jan 27 10:03:07 UTC 2018
#@# WM Segmentation Sat Jan 27 10:03:10 UTC 2018
#@# Fill Sat Jan 27 10:06:29 UTC 2018
#@# Tessellate lh Sat Jan 27 10:07:48 UTC 2018
#@# Tessellate rh Sat Jan 27 10:07:57 UTC 2018
#@# Smooth1 lh Sat Jan 27 10:08:06 UTC 2018
#@# Smooth1 rh Sat Jan 27 10:08:15 UTC 2018
#@# Inflation1 lh Sat Jan 27 10:08:23 UTC 2018
#@# Inflation1 rh Sat Jan 27 10:09:11 UTC 2018
#@# QSphere lh Sat Jan 27 10:10:00 UTC 2018
#@# QSphere rh Sat Jan 27 10:15:22 UTC 2018
#@# Fix Topology Copy lh Sat Jan 27 10:21:12 UTC 2018
#@# Fix Topology Copy rh Sat Jan 27 10:21:12 UTC 2018
#@# Fix Topology lh Sat Jan 27 10:21:12 UTC 2018
#@# Fix Topology rh Sat Jan 27 11:05:43 UTC 2018
#@# Make White Surf lh Sat Jan 27 11:53:12 UTC 2018
#@# Make White Surf rh Sat Jan 27 12:00:41 UTC 2018
#@# Smooth2 lh Sat Jan 27 12:08:40 UTC 2018
#@# Smooth2 rh Sat Jan 27 12:08:48 UTC 2018
#@# Inflation2 lh Sat Jan 27 12:08:56 UTC 2018
#@# Inflation2 rh Sat Jan 27 12:09:46 UTC 2018
#@# Curv .H and .K lh Sat Jan 27 12:10:39 UTC 2018
#@# Curv .H and .K rh Sat Jan 27 12:12:47 UTC 2018
#@# Curvature Stats lh Sat Jan 27 12:14:58 UTC 2018
#@# Curvature Stats rh Sat Jan 27 12:15:04 UTC 2018
#@# Sphere lh Sat Jan 27 12:15:09 UTC 2018
#@# Sphere rh Sat Jan 27 13:34:01 UTC 2018
#@# Surf Reg lh Sat Jan 27 14:47:11 UTC 2018
#@# Surf Reg rh Sat Jan 27 15:57:02 UTC 2018
#@# Jacobian white lh Sat Jan 27 17:25:57 UTC 2018
#@# Jacobian white rh Sat Jan 27 17:26:01 UTC 2018
#@# AvgCurv lh Sat Jan 27 17:26:04 UTC 2018
#@# AvgCurv rh Sat Jan 27 17:26:07 UTC 2018
#@# Cortical Parc lh Sat Jan 27 17:26:09 UTC 2018
#@# Cortical Parc rh Sat Jan 27 17:26:34 UTC 2018
#@# Make Pial Surf lh Sat Jan 27 17:26:58 UTC 2018
#@# Make Pial Surf rh Sat Jan 27 17:48:14 UTC 2018
#@# Surf Volume lh Sat Jan 27 18:09:44 UTC 2018
#@# Surf Volume rh Sat Jan 27 18:09:49 UTC 2018
#@# Cortical ribbon mask Sat Jan 27 18:09:54 UTC 2018
#@# Parcellation Stats lh Sat Jan 27 18:31:15 UTC 2018
#@# Parcellation Stats rh Sat Jan 27 18:33:12 UTC 2018
#@# Cortical Parc 2 lh Sat Jan 27 18:35:10 UTC 2018
#@# Cortical Parc 2 rh Sat Jan 27 18:35:36 UTC 2018
#@# Parcellation Stats 2 lh Sat Jan 27 18:36:01 UTC 2018
#@# Parcellation Stats 2 rh Sat Jan 27 18:37:01 UTC 2018
#@# Cortical Parc 3 lh Sat Jan 27 18:38:03 UTC 2018
#@# Cortical Parc 3 rh Sat Jan 27 18:38:25 UTC 2018
#@# Parcellation Stats 3 lh Sat Jan 27 18:38:45 UTC 2018
#@# Parcellation Stats 3 rh Sat Jan 27 18:39:42 UTC 2018
#@# WM/GM Contrast lh Sat Jan 27 18:40:40 UTC 2018
#@# WM/GM Contrast rh Sat Jan 27 18:40:50 UTC 2018
#@# Relabel Hypointensities Sat Jan 27 18:40:59 UTC 2018
#@# AParc-to-ASeg aparc Sat Jan 27 18:41:32 UTC 2018
#@# AParc-to-ASeg a2009s Sat Jan 27 18:49:58 UTC 2018
#@# AParc-to-ASeg DKTatlas Sat Jan 27 18:58:26 UTC 2018
#@# APas-to-ASeg Sat Jan 27 19:06:26 UTC 2018
#@# ASeg Stats Sat Jan 27 19:06:39 UTC 2018
#@# WMParc Sat Jan 27 19:13:54 UTC 2018
#@# BA_exvivo Labels lh Sat Jan 27 19:30:56 UTC 2018
#@# BA_exvivo Labels rh Sat Jan 27 19:39:16 UTC 2018
recon-all -s 3789 finished without error at Sat Jan 27 19:47:09 UTC 2018
