status file for recon-all
Tue Jan 23 03:43:05 UTC 2018
#@# MotionCor Tue Jan 23 03:43:12 UTC 2018
#@# Talairach Tue Jan 23 03:43:22 UTC 2018
#@# Talairach Failure Detection Tue Jan 23 03:48:50 UTC 2018
#@# Nu Intensity Correction Tue Jan 23 03:48:56 UTC 2018
#@# Intensity Normalization Tue Jan 23 03:55:06 UTC 2018
#@# Skull Stripping Tue Jan 23 03:58:42 UTC 2018
#@# EM Registration Tue Jan 23 04:38:05 UTC 2018
#@# CA Normalize Tue Jan 23 05:09:12 UTC 2018
#@# CA Reg Tue Jan 23 05:12:10 UTC 2018
#@# SubCort Seg Tue Jan 23 10:25:35 UTC 2018
#@# Merge ASeg Tue Jan 23 12:20:24 UTC 2018
#@# Intensity Normalization2 Tue Jan 23 12:20:24 UTC 2018
#@# Mask BFS Tue Jan 23 12:26:19 UTC 2018
#@# WM Segmentation Tue Jan 23 12:26:21 UTC 2018
#@# Fill Tue Jan 23 12:30:01 UTC 2018
#@# Tessellate lh Tue Jan 23 12:31:21 UTC 2018
#@# Tessellate rh Tue Jan 23 12:31:30 UTC 2018
#@# Smooth1 lh Tue Jan 23 12:31:38 UTC 2018
#@# Smooth1 rh Tue Jan 23 12:31:46 UTC 2018
#@# Inflation1 lh Tue Jan 23 12:31:54 UTC 2018
#@# Inflation1 rh Tue Jan 23 12:32:51 UTC 2018
#@# QSphere lh Tue Jan 23 12:33:45 UTC 2018
#@# QSphere rh Tue Jan 23 12:39:00 UTC 2018
#@# Fix Topology Copy lh Tue Jan 23 12:45:37 UTC 2018
#@# Fix Topology Copy rh Tue Jan 23 12:45:37 UTC 2018
#@# Fix Topology lh Tue Jan 23 12:45:37 UTC 2018
#@# Fix Topology rh Tue Jan 23 13:00:46 UTC 2018
#@# Make White Surf lh Tue Jan 23 13:22:11 UTC 2018
#@# Make White Surf rh Tue Jan 23 13:29:50 UTC 2018
#@# Smooth2 lh Tue Jan 23 13:37:24 UTC 2018
#@# Smooth2 rh Tue Jan 23 13:37:32 UTC 2018
#@# Inflation2 lh Tue Jan 23 13:37:40 UTC 2018
#@# Inflation2 rh Tue Jan 23 13:38:40 UTC 2018
#@# Curv .H and .K lh Tue Jan 23 13:39:35 UTC 2018
#@# Curv .H and .K rh Tue Jan 23 13:41:32 UTC 2018
#@# Curvature Stats lh Tue Jan 23 13:43:32 UTC 2018
#@# Curvature Stats rh Tue Jan 23 13:43:38 UTC 2018
#@# Sphere lh Tue Jan 23 13:43:44 UTC 2018
#@# Sphere rh Tue Jan 23 14:50:33 UTC 2018
#@# Surf Reg lh Tue Jan 23 15:26:35 UTC 2018
#@# Surf Reg rh Tue Jan 23 16:59:02 UTC 2018
#@# Jacobian white lh Tue Jan 23 18:43:58 UTC 2018
#@# Jacobian white rh Tue Jan 23 18:44:02 UTC 2018
#@# AvgCurv lh Tue Jan 23 18:44:05 UTC 2018
#@# AvgCurv rh Tue Jan 23 18:44:08 UTC 2018
#@# Cortical Parc lh Tue Jan 23 18:44:11 UTC 2018
#@# Cortical Parc rh Tue Jan 23 18:44:42 UTC 2018
#@# Make Pial Surf lh Tue Jan 23 18:45:12 UTC 2018
#@# Make Pial Surf rh Tue Jan 23 19:09:25 UTC 2018
#@# Surf Volume lh Tue Jan 23 19:32:35 UTC 2018
#@# Surf Volume rh Tue Jan 23 19:32:41 UTC 2018
#@# Cortical ribbon mask Tue Jan 23 19:32:47 UTC 2018
#@# Parcellation Stats lh Tue Jan 23 20:02:11 UTC 2018
#@# Parcellation Stats rh Tue Jan 23 20:04:44 UTC 2018
#@# Cortical Parc 2 lh Tue Jan 23 20:07:22 UTC 2018
#@# Cortical Parc 2 rh Tue Jan 23 20:07:59 UTC 2018
#@# Parcellation Stats 2 lh Tue Jan 23 20:08:36 UTC 2018
#@# Parcellation Stats 2 rh Tue Jan 23 20:09:59 UTC 2018
#@# Cortical Parc 3 lh Tue Jan 23 20:11:22 UTC 2018
#@# Cortical Parc 3 rh Tue Jan 23 20:11:53 UTC 2018
#@# Parcellation Stats 3 lh Tue Jan 23 20:12:22 UTC 2018
#@# Parcellation Stats 3 rh Tue Jan 23 20:13:36 UTC 2018
#@# WM/GM Contrast lh Tue Jan 23 20:14:49 UTC 2018
#@# WM/GM Contrast rh Tue Jan 23 20:15:01 UTC 2018
#@# Relabel Hypointensities Tue Jan 23 20:15:11 UTC 2018
#@# AParc-to-ASeg aparc Tue Jan 23 20:15:57 UTC 2018
#@# AParc-to-ASeg a2009s Tue Jan 23 20:25:24 UTC 2018
#@# AParc-to-ASeg DKTatlas Tue Jan 23 20:33:59 UTC 2018
#@# APas-to-ASeg Tue Jan 23 20:42:36 UTC 2018
#@# ASeg Stats Tue Jan 23 20:42:49 UTC 2018
#@# WMParc Tue Jan 23 20:49:42 UTC 2018
#@# BA_exvivo Labels lh Tue Jan 23 21:11:08 UTC 2018
#@# BA_exvivo Labels rh Tue Jan 23 21:19:59 UTC 2018
recon-all -s 3473 finished without error at Tue Jan 23 21:28:33 UTC 2018
