status file for recon-all
Tue Jan 23 03:44:12 UTC 2018
#@# MotionCor Tue Jan 23 03:44:58 UTC 2018
#@# Talairach Tue Jan 23 03:45:15 UTC 2018
#@# Talairach Failure Detection Tue Jan 23 03:53:28 UTC 2018
#@# Nu Intensity Correction Tue Jan 23 03:53:28 UTC 2018
#@# Intensity Normalization Tue Jan 23 04:03:05 UTC 2018
#@# Skull Stripping Tue Jan 23 04:06:56 UTC 2018
#@# EM Registration Tue Jan 23 04:54:20 UTC 2018
#@# CA Normalize Tue Jan 23 05:30:03 UTC 2018
#@# CA Reg Tue Jan 23 05:33:12 UTC 2018
#@# SubCort Seg Tue Jan 23 10:39:47 UTC 2018
#@# Merge ASeg Tue Jan 23 12:52:25 UTC 2018
#@# Intensity Normalization2 Tue Jan 23 12:52:25 UTC 2018
#@# Mask BFS Tue Jan 23 12:58:52 UTC 2018
#@# WM Segmentation Tue Jan 23 12:58:55 UTC 2018
#@# Fill Tue Jan 23 13:02:53 UTC 2018
#@# Tessellate lh Tue Jan 23 13:04:09 UTC 2018
#@# Tessellate rh Tue Jan 23 13:04:19 UTC 2018
#@# Smooth1 lh Tue Jan 23 13:04:29 UTC 2018
#@# Smooth1 rh Tue Jan 23 13:04:38 UTC 2018
#@# Inflation1 lh Tue Jan 23 13:04:46 UTC 2018
#@# Inflation1 rh Tue Jan 23 13:05:44 UTC 2018
#@# QSphere lh Tue Jan 23 13:06:40 UTC 2018
#@# QSphere rh Tue Jan 23 13:13:11 UTC 2018
#@# Fix Topology Copy lh Tue Jan 23 13:19:32 UTC 2018
#@# Fix Topology Copy rh Tue Jan 23 13:19:33 UTC 2018
#@# Fix Topology lh Tue Jan 23 13:19:33 UTC 2018
#@# Fix Topology rh Tue Jan 23 13:59:51 UTC 2018
#@# Make White Surf lh Tue Jan 23 14:41:26 UTC 2018
#@# Make White Surf rh Tue Jan 23 14:48:39 UTC 2018
#@# Smooth2 lh Tue Jan 23 14:56:01 UTC 2018
#@# Smooth2 rh Tue Jan 23 14:56:09 UTC 2018
#@# Inflation2 lh Tue Jan 23 14:56:18 UTC 2018
#@# Inflation2 rh Tue Jan 23 14:57:16 UTC 2018
#@# Curv .H and .K lh Tue Jan 23 14:58:12 UTC 2018
#@# Curv .H and .K rh Tue Jan 23 15:00:25 UTC 2018
#@# Curvature Stats lh Tue Jan 23 15:02:37 UTC 2018
#@# Curvature Stats rh Tue Jan 23 15:02:42 UTC 2018
#@# Sphere lh Tue Jan 23 15:02:49 UTC 2018
#@# Sphere rh Tue Jan 23 16:23:16 UTC 2018
#@# Surf Reg lh Tue Jan 23 17:45:50 UTC 2018
#@# Surf Reg rh Tue Jan 23 19:15:58 UTC 2018
#@# Jacobian white lh Tue Jan 23 20:49:07 UTC 2018
#@# Jacobian white rh Tue Jan 23 20:49:11 UTC 2018
#@# AvgCurv lh Tue Jan 23 20:49:15 UTC 2018
#@# AvgCurv rh Tue Jan 23 20:49:18 UTC 2018
#@# Cortical Parc lh Tue Jan 23 20:49:20 UTC 2018
#@# Cortical Parc rh Tue Jan 23 20:49:46 UTC 2018
#@# Make Pial Surf lh Tue Jan 23 20:50:12 UTC 2018
#@# Make Pial Surf rh Tue Jan 23 21:14:20 UTC 2018
#@# Surf Volume lh Tue Jan 23 21:37:47 UTC 2018
#@# Surf Volume rh Tue Jan 23 21:37:53 UTC 2018
#@# Cortical ribbon mask Tue Jan 23 21:37:58 UTC 2018
#@# Parcellation Stats lh Tue Jan 23 22:02:37 UTC 2018
#@# Parcellation Stats rh Tue Jan 23 22:05:00 UTC 2018
#@# Cortical Parc 2 lh Tue Jan 23 22:07:27 UTC 2018
#@# Cortical Parc 2 rh Tue Jan 23 22:08:01 UTC 2018
#@# Parcellation Stats 2 lh Tue Jan 23 22:08:34 UTC 2018
#@# Parcellation Stats 2 rh Tue Jan 23 22:09:52 UTC 2018
#@# Cortical Parc 3 lh Tue Jan 23 22:11:05 UTC 2018
#@# Cortical Parc 3 rh Tue Jan 23 22:11:28 UTC 2018
#@# Parcellation Stats 3 lh Tue Jan 23 22:11:52 UTC 2018
#@# Parcellation Stats 3 rh Tue Jan 23 22:13:02 UTC 2018
#@# WM/GM Contrast lh Tue Jan 23 22:14:11 UTC 2018
#@# WM/GM Contrast rh Tue Jan 23 22:14:21 UTC 2018
#@# Relabel Hypointensities Tue Jan 23 22:14:31 UTC 2018
#@# AParc-to-ASeg aparc Tue Jan 23 22:15:10 UTC 2018
#@# AParc-to-ASeg a2009s Tue Jan 23 22:23:14 UTC 2018
#@# AParc-to-ASeg DKTatlas Tue Jan 23 22:31:43 UTC 2018
#@# APas-to-ASeg Tue Jan 23 22:40:15 UTC 2018
#@# ASeg Stats Tue Jan 23 22:40:28 UTC 2018
#@# WMParc Tue Jan 23 22:48:16 UTC 2018
#@# BA_exvivo Labels lh Tue Jan 23 23:07:45 UTC 2018
#@# BA_exvivo Labels rh Tue Jan 23 23:16:43 UTC 2018
recon-all -s 3625 finished without error at Tue Jan 23 23:25:46 UTC 2018
