status file for recon-all
Wed Jan 24 18:36:18 UTC 2018
#@# MotionCor Wed Jan 24 18:36:42 UTC 2018
#@# Talairach Wed Jan 24 18:36:57 UTC 2018
#@# Talairach Failure Detection Wed Jan 24 18:44:46 UTC 2018
#@# Nu Intensity Correction Wed Jan 24 18:44:48 UTC 2018
#@# Intensity Normalization Wed Jan 24 18:55:10 UTC 2018
#@# Skull Stripping Wed Jan 24 18:58:28 UTC 2018
#@# EM Registration Wed Jan 24 19:49:57 UTC 2018
#@# CA Normalize Wed Jan 24 20:35:35 UTC 2018
#@# CA Reg Wed Jan 24 20:38:45 UTC 2018
#@# SubCort Seg Thu Jan 25 01:57:17 UTC 2018
#@# Merge ASeg Thu Jan 25 03:49:38 UTC 2018
#@# Intensity Normalization2 Thu Jan 25 03:49:38 UTC 2018
#@# Mask BFS Thu Jan 25 03:55:35 UTC 2018
#@# WM Segmentation Thu Jan 25 03:55:38 UTC 2018
#@# Fill Thu Jan 25 03:59:19 UTC 2018
#@# Tessellate lh Thu Jan 25 04:00:39 UTC 2018
#@# Tessellate rh Thu Jan 25 04:00:51 UTC 2018
#@# Smooth1 lh Thu Jan 25 04:01:03 UTC 2018
#@# Smooth1 rh Thu Jan 25 04:01:13 UTC 2018
#@# Inflation1 lh Thu Jan 25 04:01:24 UTC 2018
#@# Inflation1 rh Thu Jan 25 04:02:32 UTC 2018
#@# QSphere lh Thu Jan 25 04:03:40 UTC 2018
#@# QSphere rh Thu Jan 25 04:11:02 UTC 2018
#@# Fix Topology Copy lh Thu Jan 25 04:17:56 UTC 2018
#@# Fix Topology Copy rh Thu Jan 25 04:17:56 UTC 2018
#@# Fix Topology lh Thu Jan 25 04:17:56 UTC 2018
#@# Fix Topology rh Thu Jan 25 05:36:19 UTC 2018
#@# Make White Surf lh Thu Jan 25 07:04:19 UTC 2018
#@# Make White Surf rh Thu Jan 25 07:14:11 UTC 2018
#@# Smooth2 lh Thu Jan 25 07:24:37 UTC 2018
#@# Smooth2 rh Thu Jan 25 07:24:49 UTC 2018
#@# Inflation2 lh Thu Jan 25 07:24:59 UTC 2018
#@# Inflation2 rh Thu Jan 25 07:26:19 UTC 2018
#@# Curv .H and .K lh Thu Jan 25 07:27:38 UTC 2018
#@# Curv .H and .K rh Thu Jan 25 07:30:27 UTC 2018
#@# Curvature Stats lh Thu Jan 25 07:33:19 UTC 2018
#@# Curvature Stats rh Thu Jan 25 07:33:26 UTC 2018
#@# Sphere lh Thu Jan 25 07:33:33 UTC 2018
#@# Sphere rh Thu Jan 25 09:29:40 UTC 2018
#@# Surf Reg lh Thu Jan 25 11:39:11 UTC 2018
#@# Surf Reg rh Thu Jan 25 13:59:23 UTC 2018
#@# Jacobian white lh Thu Jan 25 16:13:12 UTC 2018
#@# Jacobian white rh Thu Jan 25 16:13:16 UTC 2018
#@# AvgCurv lh Thu Jan 25 16:13:19 UTC 2018
#@# AvgCurv rh Thu Jan 25 16:13:22 UTC 2018
#@# Cortical Parc lh Thu Jan 25 16:13:25 UTC 2018
#@# Cortical Parc rh Thu Jan 25 16:13:51 UTC 2018
#@# Make Pial Surf lh Thu Jan 25 16:14:16 UTC 2018
#@# Make Pial Surf rh Thu Jan 25 16:39:51 UTC 2018
#@# Surf Volume lh Thu Jan 25 17:07:39 UTC 2018
#@# Surf Volume rh Thu Jan 25 17:07:45 UTC 2018
#@# Cortical ribbon mask Thu Jan 25 17:07:51 UTC 2018
#@# Parcellation Stats lh Thu Jan 25 17:38:24 UTC 2018
#@# Parcellation Stats rh Thu Jan 25 17:41:08 UTC 2018
#@# Cortical Parc 2 lh Thu Jan 25 17:43:55 UTC 2018
#@# Cortical Parc 2 rh Thu Jan 25 17:44:29 UTC 2018
#@# Parcellation Stats 2 lh Thu Jan 25 17:45:04 UTC 2018
#@# Parcellation Stats 2 rh Thu Jan 25 17:46:24 UTC 2018
#@# Cortical Parc 3 lh Thu Jan 25 17:47:49 UTC 2018
#@# Cortical Parc 3 rh Thu Jan 25 17:48:17 UTC 2018
#@# Parcellation Stats 3 lh Thu Jan 25 17:48:45 UTC 2018
#@# Parcellation Stats 3 rh Thu Jan 25 17:50:02 UTC 2018
#@# WM/GM Contrast lh Thu Jan 25 17:51:24 UTC 2018
#@# WM/GM Contrast rh Thu Jan 25 17:51:35 UTC 2018
#@# Relabel Hypointensities Thu Jan 25 17:51:46 UTC 2018
#@# AParc-to-ASeg aparc Thu Jan 25 17:52:27 UTC 2018
#@# AParc-to-ASeg a2009s Thu Jan 25 18:01:04 UTC 2018
#@# AParc-to-ASeg DKTatlas Thu Jan 25 18:09:41 UTC 2018
#@# APas-to-ASeg Thu Jan 25 18:18:12 UTC 2018
#@# ASeg Stats Thu Jan 25 18:18:22 UTC 2018
#@# WMParc Thu Jan 25 18:22:41 UTC 2018
#@# BA_exvivo Labels lh Thu Jan 25 18:40:33 UTC 2018
#@# BA_exvivo Labels rh Thu Jan 25 18:49:36 UTC 2018
recon-all -s 3323 finished without error at Thu Jan 25 18:58:20 UTC 2018
