status file for recon-all
Sun Jan 21 22:17:51 UTC 2018
#@# MotionCor Sun Jan 21 22:18:19 UTC 2018
#@# Talairach Sun Jan 21 22:18:33 UTC 2018
#@# Talairach Failure Detection Sun Jan 21 22:24:10 UTC 2018
#@# Nu Intensity Correction Sun Jan 21 22:24:10 UTC 2018
#@# Intensity Normalization Sun Jan 21 22:36:03 UTC 2018
#@# Skull Stripping Sun Jan 21 22:39:50 UTC 2018
#@# EM Registration Sun Jan 21 23:19:24 UTC 2018
#@# CA Normalize Sun Jan 21 23:48:30 UTC 2018
#@# CA Reg Sun Jan 21 23:51:59 UTC 2018
#@# SubCort Seg Mon Jan 22 05:30:50 UTC 2018
#@# Merge ASeg Mon Jan 22 07:27:16 UTC 2018
#@# Intensity Normalization2 Mon Jan 22 07:27:16 UTC 2018
#@# Mask BFS Mon Jan 22 07:33:41 UTC 2018
#@# WM Segmentation Mon Jan 22 07:33:44 UTC 2018
#@# Fill Mon Jan 22 07:37:34 UTC 2018
#@# Tessellate lh Mon Jan 22 07:38:54 UTC 2018
#@# Tessellate rh Mon Jan 22 07:39:04 UTC 2018
#@# Smooth1 lh Mon Jan 22 07:39:13 UTC 2018
#@# Smooth1 rh Mon Jan 22 07:39:23 UTC 2018
#@# Inflation1 lh Mon Jan 22 07:39:33 UTC 2018
#@# Inflation1 rh Mon Jan 22 07:40:38 UTC 2018
#@# QSphere lh Mon Jan 22 07:41:36 UTC 2018
#@# QSphere rh Mon Jan 22 07:47:56 UTC 2018
#@# Fix Topology Copy lh Mon Jan 22 07:54:25 UTC 2018
#@# Fix Topology Copy rh Mon Jan 22 07:54:25 UTC 2018
#@# Fix Topology lh Mon Jan 22 07:54:25 UTC 2018
