status file for recon-all
Thu Jan 25 21:52:18 UTC 2018
#@# MotionCor Thu Jan 25 21:52:38 UTC 2018
#@# Talairach Thu Jan 25 21:52:51 UTC 2018
#@# Talairach Failure Detection Thu Jan 25 21:57:45 UTC 2018
#@# Nu Intensity Correction Thu Jan 25 21:57:46 UTC 2018
#@# Intensity Normalization Thu Jan 25 22:05:37 UTC 2018
#@# Skull Stripping Thu Jan 25 22:09:20 UTC 2018
#@# EM Registration Thu Jan 25 22:52:23 UTC 2018
#@# CA Normalize Thu Jan 25 23:20:35 UTC 2018
#@# CA Reg Thu Jan 25 23:23:40 UTC 2018
#@# SubCort Seg Fri Jan 26 04:50:28 UTC 2018
#@# Merge ASeg Fri Jan 26 06:40:34 UTC 2018
#@# Intensity Normalization2 Fri Jan 26 06:40:34 UTC 2018
#@# Mask BFS Fri Jan 26 06:46:14 UTC 2018
#@# WM Segmentation Fri Jan 26 06:46:17 UTC 2018
#@# Fill Fri Jan 26 06:49:50 UTC 2018
#@# Tessellate lh Fri Jan 26 06:51:05 UTC 2018
#@# Tessellate rh Fri Jan 26 06:51:14 UTC 2018
#@# Smooth1 lh Fri Jan 26 06:51:22 UTC 2018
#@# Smooth1 rh Fri Jan 26 06:51:30 UTC 2018
#@# Inflation1 lh Fri Jan 26 06:51:37 UTC 2018
#@# Inflation1 rh Fri Jan 26 06:52:24 UTC 2018
#@# QSphere lh Fri Jan 26 06:53:10 UTC 2018
#@# QSphere rh Fri Jan 26 06:58:35 UTC 2018
#@# Fix Topology Copy lh Fri Jan 26 07:04:24 UTC 2018
#@# Fix Topology Copy rh Fri Jan 26 07:04:24 UTC 2018
#@# Fix Topology lh Fri Jan 26 07:04:24 UTC 2018
#@# Fix Topology rh Fri Jan 26 07:32:31 UTC 2018
#@# Make White Surf lh Fri Jan 26 07:49:49 UTC 2018
#@# Make White Surf rh Fri Jan 26 07:56:50 UTC 2018
#@# Smooth2 lh Fri Jan 26 08:04:04 UTC 2018
#@# Smooth2 rh Fri Jan 26 08:04:12 UTC 2018
#@# Inflation2 lh Fri Jan 26 08:04:20 UTC 2018
#@# Inflation2 rh Fri Jan 26 08:05:16 UTC 2018
#@# Curv .H and .K lh Fri Jan 26 08:06:11 UTC 2018
#@# Curv .H and .K rh Fri Jan 26 08:08:12 UTC 2018
#@# Curvature Stats lh Fri Jan 26 08:10:13 UTC 2018
#@# Curvature Stats rh Fri Jan 26 08:10:18 UTC 2018
#@# Sphere lh Fri Jan 26 08:10:23 UTC 2018
#@# Sphere rh Fri Jan 26 09:08:48 UTC 2018
#@# Surf Reg lh Fri Jan 26 10:11:23 UTC 2018
#@# Surf Reg rh Fri Jan 26 11:25:09 UTC 2018
#@# Jacobian white lh Fri Jan 26 13:40:09 UTC 2018
#@# Jacobian white rh Fri Jan 26 13:40:13 UTC 2018
#@# AvgCurv lh Fri Jan 26 13:40:15 UTC 2018
#@# AvgCurv rh Fri Jan 26 13:40:18 UTC 2018
#@# Cortical Parc lh Fri Jan 26 13:40:21 UTC 2018
#@# Cortical Parc rh Fri Jan 26 13:40:46 UTC 2018
#@# Make Pial Surf lh Fri Jan 26 13:41:13 UTC 2018
#@# Make Pial Surf rh Fri Jan 26 14:02:36 UTC 2018
#@# Surf Volume lh Fri Jan 26 14:24:12 UTC 2018
#@# Surf Volume rh Fri Jan 26 14:24:17 UTC 2018
#@# Cortical ribbon mask Fri Jan 26 14:24:22 UTC 2018
#@# Parcellation Stats lh Fri Jan 26 14:49:01 UTC 2018
#@# Parcellation Stats rh Fri Jan 26 14:50:57 UTC 2018
#@# Cortical Parc 2 lh Fri Jan 26 14:53:00 UTC 2018
#@# Cortical Parc 2 rh Fri Jan 26 14:53:28 UTC 2018
#@# Parcellation Stats 2 lh Fri Jan 26 14:53:55 UTC 2018
#@# Parcellation Stats 2 rh Fri Jan 26 14:54:57 UTC 2018
#@# Cortical Parc 3 lh Fri Jan 26 14:56:00 UTC 2018
#@# Cortical Parc 3 rh Fri Jan 26 14:56:22 UTC 2018
#@# Parcellation Stats 3 lh Fri Jan 26 14:56:45 UTC 2018
#@# Parcellation Stats 3 rh Fri Jan 26 14:57:43 UTC 2018
#@# WM/GM Contrast lh Fri Jan 26 14:58:44 UTC 2018
#@# WM/GM Contrast rh Fri Jan 26 14:58:53 UTC 2018
#@# Relabel Hypointensities Fri Jan 26 14:59:01 UTC 2018
#@# AParc-to-ASeg aparc Fri Jan 26 14:59:34 UTC 2018
#@# AParc-to-ASeg a2009s Fri Jan 26 15:07:20 UTC 2018
#@# AParc-to-ASeg DKTatlas Fri Jan 26 15:15:13 UTC 2018
#@# APas-to-ASeg Fri Jan 26 15:23:16 UTC 2018
#@# ASeg Stats Fri Jan 26 15:23:27 UTC 2018
#@# WMParc Fri Jan 26 15:29:59 UTC 2018
#@# BA_exvivo Labels lh Fri Jan 26 15:47:05 UTC 2018
#@# BA_exvivo Labels rh Fri Jan 26 15:54:36 UTC 2018
recon-all -s 3472 finished without error at Fri Jan 26 16:02:07 UTC 2018
