status file for recon-all
Sun Jan 21 22:20:01 UTC 2018
#@# MotionCor Sun Jan 21 22:21:17 UTC 2018
#@# Talairach Sun Jan 21 22:21:31 UTC 2018
#@# Talairach Failure Detection Sun Jan 21 22:36:29 UTC 2018
#@# Nu Intensity Correction Sun Jan 21 22:36:29 UTC 2018
#@# Intensity Normalization Sun Jan 21 22:44:26 UTC 2018
#@# Skull Stripping Sun Jan 21 22:50:00 UTC 2018
#@# EM Registration Sun Jan 21 23:35:56 UTC 2018
#@# CA Normalize Mon Jan 22 00:18:17 UTC 2018
#@# CA Reg Mon Jan 22 00:21:42 UTC 2018
#@# SubCort Seg Mon Jan 22 05:56:14 UTC 2018
#@# Merge ASeg Mon Jan 22 07:28:16 UTC 2018
#@# Intensity Normalization2 Mon Jan 22 07:28:16 UTC 2018
#@# Mask BFS Mon Jan 22 07:34:36 UTC 2018
#@# WM Segmentation Mon Jan 22 07:34:39 UTC 2018
#@# Fill Mon Jan 22 07:37:48 UTC 2018
#@# Tessellate lh Mon Jan 22 07:39:12 UTC 2018
#@# Tessellate rh Mon Jan 22 07:39:20 UTC 2018
#@# Smooth1 lh Mon Jan 22 07:39:29 UTC 2018
#@# Smooth1 rh Mon Jan 22 07:39:37 UTC 2018
#@# Inflation1 lh Mon Jan 22 07:39:45 UTC 2018
#@# Inflation1 rh Mon Jan 22 07:40:33 UTC 2018
#@# QSphere lh Mon Jan 22 07:41:22 UTC 2018
#@# QSphere rh Mon Jan 22 07:46:22 UTC 2018
#@# Fix Topology Copy lh Mon Jan 22 07:51:26 UTC 2018
#@# Fix Topology Copy rh Mon Jan 22 07:51:26 UTC 2018
#@# Fix Topology lh Mon Jan 22 07:51:26 UTC 2018
#@# Fix Topology rh Mon Jan 22 08:48:15 UTC 2018
#@# Make White Surf lh Mon Jan 22 09:41:10 UTC 2018
#@# Make White Surf rh Mon Jan 22 09:48:12 UTC 2018
#@# Smooth2 lh Mon Jan 22 09:55:51 UTC 2018
#@# Smooth2 rh Mon Jan 22 09:55:58 UTC 2018
#@# Inflation2 lh Mon Jan 22 09:56:06 UTC 2018
#@# Inflation2 rh Mon Jan 22 09:56:56 UTC 2018
#@# Curv .H and .K lh Mon Jan 22 09:57:50 UTC 2018
#@# Curv .H and .K rh Mon Jan 22 09:59:49 UTC 2018
#@# Curvature Stats lh Mon Jan 22 10:01:48 UTC 2018
#@# Curvature Stats rh Mon Jan 22 10:01:53 UTC 2018
#@# Sphere lh Mon Jan 22 10:01:58 UTC 2018
#@# Sphere rh Mon Jan 22 11:13:35 UTC 2018
#@# Surf Reg lh Mon Jan 22 11:57:04 UTC 2018
#@# Surf Reg rh Mon Jan 22 12:58:00 UTC 2018
#@# Jacobian white lh Mon Jan 22 14:24:09 UTC 2018
#@# Jacobian white rh Mon Jan 22 14:24:12 UTC 2018
#@# AvgCurv lh Mon Jan 22 14:24:15 UTC 2018
#@# AvgCurv rh Mon Jan 22 14:24:17 UTC 2018
#@# Cortical Parc lh Mon Jan 22 14:24:20 UTC 2018
#@# Cortical Parc rh Mon Jan 22 14:24:44 UTC 2018
#@# Make Pial Surf lh Mon Jan 22 14:25:06 UTC 2018
#@# Make Pial Surf rh Mon Jan 22 14:45:19 UTC 2018
#@# Surf Volume lh Mon Jan 22 15:05:52 UTC 2018
#@# Surf Volume rh Mon Jan 22 15:05:58 UTC 2018
#@# Cortical ribbon mask Mon Jan 22 15:06:02 UTC 2018
#@# Parcellation Stats lh Mon Jan 22 15:26:28 UTC 2018
#@# Parcellation Stats rh Mon Jan 22 15:28:36 UTC 2018
#@# Cortical Parc 2 lh Mon Jan 22 15:30:43 UTC 2018
#@# Cortical Parc 2 rh Mon Jan 22 15:31:13 UTC 2018
#@# Parcellation Stats 2 lh Mon Jan 22 15:31:41 UTC 2018
#@# Parcellation Stats 2 rh Mon Jan 22 15:32:47 UTC 2018
#@# Cortical Parc 3 lh Mon Jan 22 15:33:53 UTC 2018
#@# Cortical Parc 3 rh Mon Jan 22 15:34:17 UTC 2018
#@# Parcellation Stats 3 lh Mon Jan 22 15:34:41 UTC 2018
#@# Parcellation Stats 3 rh Mon Jan 22 15:35:46 UTC 2018
#@# WM/GM Contrast lh Mon Jan 22 15:36:51 UTC 2018
#@# WM/GM Contrast rh Mon Jan 22 15:37:02 UTC 2018
#@# Relabel Hypointensities Mon Jan 22 15:37:11 UTC 2018
#@# AParc-to-ASeg aparc Mon Jan 22 15:37:48 UTC 2018
#@# AParc-to-ASeg a2009s Mon Jan 22 15:46:38 UTC 2018
#@# AParc-to-ASeg DKTatlas Mon Jan 22 15:55:46 UTC 2018
#@# APas-to-ASeg Mon Jan 22 16:05:03 UTC 2018
#@# ASeg Stats Mon Jan 22 16:05:17 UTC 2018
#@# WMParc Mon Jan 22 16:12:05 UTC 2018
#@# BA_exvivo Labels lh Mon Jan 22 16:30:31 UTC 2018
#@# BA_exvivo Labels rh Mon Jan 22 16:38:08 UTC 2018
recon-all -s 3157 finished without error at Mon Jan 22 16:45:24 UTC 2018
