status file for recon-all
Sat Jan 27 01:16:09 UTC 2018
#@# MotionCor Sat Jan 27 01:17:44 UTC 2018
#@# Talairach Sat Jan 27 01:18:03 UTC 2018
#@# Talairach Failure Detection Sat Jan 27 01:25:19 UTC 2018
#@# Nu Intensity Correction Sat Jan 27 01:25:20 UTC 2018
#@# Intensity Normalization Sat Jan 27 01:38:10 UTC 2018
#@# Skull Stripping Sat Jan 27 01:42:24 UTC 2018
#@# EM Registration Sat Jan 27 02:25:10 UTC 2018
#@# CA Normalize Sat Jan 27 03:04:02 UTC 2018
#@# CA Reg Sat Jan 27 03:07:25 UTC 2018
#@# SubCort Seg Sat Jan 27 08:51:16 UTC 2018
#@# Merge ASeg Sat Jan 27 10:40:24 UTC 2018
#@# Intensity Normalization2 Sat Jan 27 10:40:25 UTC 2018
#@# Mask BFS Sat Jan 27 10:46:50 UTC 2018
#@# WM Segmentation Sat Jan 27 10:46:53 UTC 2018
#@# Fill Sat Jan 27 10:50:34 UTC 2018
#@# Tessellate lh Sat Jan 27 10:51:54 UTC 2018
#@# Tessellate rh Sat Jan 27 10:52:04 UTC 2018
#@# Smooth1 lh Sat Jan 27 10:52:16 UTC 2018
#@# Smooth1 rh Sat Jan 27 10:52:26 UTC 2018
#@# Inflation1 lh Sat Jan 27 10:52:36 UTC 2018
#@# Inflation1 rh Sat Jan 27 10:53:40 UTC 2018
#@# QSphere lh Sat Jan 27 10:54:46 UTC 2018
#@# QSphere rh Sat Jan 27 11:01:37 UTC 2018
#@# Fix Topology Copy lh Sat Jan 27 11:08:35 UTC 2018
#@# Fix Topology Copy rh Sat Jan 27 11:08:36 UTC 2018
#@# Fix Topology lh Sat Jan 27 11:08:36 UTC 2018
#@# Fix Topology rh Sat Jan 27 12:04:49 UTC 2018
#@# Make White Surf lh Sat Jan 27 13:17:12 UTC 2018
#@# Make White Surf rh Sat Jan 27 13:26:42 UTC 2018
#@# Smooth2 lh Sat Jan 27 13:36:21 UTC 2018
#@# Smooth2 rh Sat Jan 27 13:36:31 UTC 2018
#@# Inflation2 lh Sat Jan 27 13:36:41 UTC 2018
#@# Inflation2 rh Sat Jan 27 13:37:51 UTC 2018
#@# Curv .H and .K lh Sat Jan 27 13:38:57 UTC 2018
#@# Curv .H and .K rh Sat Jan 27 13:41:29 UTC 2018
#@# Curvature Stats lh Sat Jan 27 13:44:11 UTC 2018
#@# Curvature Stats rh Sat Jan 27 13:44:17 UTC 2018
#@# Sphere lh Sat Jan 27 13:44:24 UTC 2018
#@# Sphere rh Sat Jan 27 15:05:46 UTC 2018
#@# Surf Reg lh Sat Jan 27 16:39:40 UTC 2018
#@# Surf Reg rh Sat Jan 27 18:23:40 UTC 2018
#@# Jacobian white lh Sat Jan 27 20:06:52 UTC 2018
#@# Jacobian white rh Sat Jan 27 20:06:55 UTC 2018
#@# AvgCurv lh Sat Jan 27 20:06:59 UTC 2018
#@# AvgCurv rh Sat Jan 27 20:07:01 UTC 2018
#@# Cortical Parc lh Sat Jan 27 20:07:04 UTC 2018
#@# Cortical Parc rh Sat Jan 27 20:07:30 UTC 2018
#@# Make Pial Surf lh Sat Jan 27 20:07:56 UTC 2018
#@# Make Pial Surf rh Sat Jan 27 20:33:26 UTC 2018
#@# Surf Volume lh Sat Jan 27 20:59:59 UTC 2018
#@# Surf Volume rh Sat Jan 27 21:00:05 UTC 2018
#@# Cortical ribbon mask Sat Jan 27 21:00:11 UTC 2018
#@# Parcellation Stats lh Sat Jan 27 21:27:46 UTC 2018
#@# Parcellation Stats rh Sat Jan 27 21:30:11 UTC 2018
#@# Cortical Parc 2 lh Sat Jan 27 21:32:35 UTC 2018
#@# Cortical Parc 2 rh Sat Jan 27 21:33:07 UTC 2018
#@# Parcellation Stats 2 lh Sat Jan 27 21:33:41 UTC 2018
#@# Parcellation Stats 2 rh Sat Jan 27 21:34:55 UTC 2018
#@# Cortical Parc 3 lh Sat Jan 27 21:36:08 UTC 2018
#@# Cortical Parc 3 rh Sat Jan 27 21:36:32 UTC 2018
#@# Parcellation Stats 3 lh Sat Jan 27 21:36:56 UTC 2018
#@# Parcellation Stats 3 rh Sat Jan 27 21:38:08 UTC 2018
#@# WM/GM Contrast lh Sat Jan 27 21:39:21 UTC 2018
#@# WM/GM Contrast rh Sat Jan 27 21:39:31 UTC 2018
#@# Relabel Hypointensities Sat Jan 27 21:39:42 UTC 2018
#@# AParc-to-ASeg aparc Sat Jan 27 21:40:19 UTC 2018
#@# AParc-to-ASeg a2009s Sat Jan 27 21:48:57 UTC 2018
#@# AParc-to-ASeg DKTatlas Sat Jan 27 21:57:23 UTC 2018
#@# APas-to-ASeg Sat Jan 27 22:05:59 UTC 2018
#@# ASeg Stats Sat Jan 27 22:06:09 UTC 2018
#@# WMParc Sat Jan 27 22:11:08 UTC 2018
#@# BA_exvivo Labels lh Sat Jan 27 22:28:35 UTC 2018
#@# BA_exvivo Labels rh Sat Jan 27 22:37:07 UTC 2018
recon-all -s 3800 finished without error at Sat Jan 27 22:45:39 UTC 2018
