status file for recon-all
Sun Jan 21 22:21:12 UTC 2018
#@# MotionCor Sun Jan 21 22:21:47 UTC 2018
#@# Talairach Sun Jan 21 22:22:02 UTC 2018
#@# Talairach Failure Detection Sun Jan 21 22:31:36 UTC 2018
#@# Nu Intensity Correction Sun Jan 21 22:31:36 UTC 2018
#@# Intensity Normalization Sun Jan 21 22:41:29 UTC 2018
#@# Skull Stripping Sun Jan 21 22:45:38 UTC 2018
#@# EM Registration Sun Jan 21 23:26:50 UTC 2018
#@# CA Normalize Mon Jan 22 00:09:02 UTC 2018
#@# CA Reg Mon Jan 22 00:12:34 UTC 2018
#@# SubCort Seg Mon Jan 22 06:34:26 UTC 2018
#@# Merge ASeg Mon Jan 22 08:25:05 UTC 2018
#@# Intensity Normalization2 Mon Jan 22 08:25:05 UTC 2018
#@# Mask BFS Mon Jan 22 08:31:11 UTC 2018
#@# WM Segmentation Mon Jan 22 08:31:14 UTC 2018
#@# Fill Mon Jan 22 08:34:58 UTC 2018
#@# Tessellate lh Mon Jan 22 08:36:17 UTC 2018
#@# Tessellate rh Mon Jan 22 08:36:27 UTC 2018
#@# Smooth1 lh Mon Jan 22 08:36:35 UTC 2018
#@# Smooth1 rh Mon Jan 22 08:36:45 UTC 2018
#@# Inflation1 lh Mon Jan 22 08:36:55 UTC 2018
#@# Inflation1 rh Mon Jan 22 08:38:02 UTC 2018
#@# QSphere lh Mon Jan 22 08:39:06 UTC 2018
#@# QSphere rh Mon Jan 22 08:46:31 UTC 2018
#@# Fix Topology Copy lh Mon Jan 22 08:53:42 UTC 2018
#@# Fix Topology Copy rh Mon Jan 22 08:53:42 UTC 2018
#@# Fix Topology lh Mon Jan 22 08:53:42 UTC 2018
#@# Fix Topology rh Mon Jan 22 10:04:27 UTC 2018
#@# Make White Surf lh Mon Jan 22 11:23:19 UTC 2018
#@# Make White Surf rh Mon Jan 22 11:32:38 UTC 2018
#@# Smooth2 lh Mon Jan 22 11:41:51 UTC 2018
#@# Smooth2 rh Mon Jan 22 11:42:01 UTC 2018
#@# Inflation2 lh Mon Jan 22 11:42:09 UTC 2018
#@# Inflation2 rh Mon Jan 22 11:43:17 UTC 2018
#@# Curv .H and .K lh Mon Jan 22 11:44:22 UTC 2018
#@# Curv .H and .K rh Mon Jan 22 11:46:57 UTC 2018
#@# Curvature Stats lh Mon Jan 22 11:49:37 UTC 2018
#@# Curvature Stats rh Mon Jan 22 11:49:44 UTC 2018
#@# Sphere lh Mon Jan 22 11:49:51 UTC 2018
#@# Sphere rh Mon Jan 22 13:13:27 UTC 2018
#@# Surf Reg lh Mon Jan 22 14:48:26 UTC 2018
#@# Surf Reg rh Mon Jan 22 16:40:22 UTC 2018
#@# Jacobian white lh Mon Jan 22 18:55:33 UTC 2018
#@# Jacobian white rh Mon Jan 22 18:55:37 UTC 2018
#@# AvgCurv lh Mon Jan 22 18:55:41 UTC 2018
#@# AvgCurv rh Mon Jan 22 18:55:43 UTC 2018
#@# Cortical Parc lh Mon Jan 22 18:55:47 UTC 2018
#@# Cortical Parc rh Mon Jan 22 18:56:13 UTC 2018
#@# Make Pial Surf lh Mon Jan 22 18:56:38 UTC 2018
#@# Make Pial Surf rh Mon Jan 22 19:22:52 UTC 2018
#@# Surf Volume lh Mon Jan 22 19:47:59 UTC 2018
#@# Surf Volume rh Mon Jan 22 19:48:05 UTC 2018
#@# Cortical ribbon mask Mon Jan 22 19:48:11 UTC 2018
#@# Parcellation Stats lh Mon Jan 22 20:20:54 UTC 2018
#@# Parcellation Stats rh Mon Jan 22 20:23:16 UTC 2018
#@# Cortical Parc 2 lh Mon Jan 22 20:25:40 UTC 2018
#@# Cortical Parc 2 rh Mon Jan 22 20:26:11 UTC 2018
#@# Parcellation Stats 2 lh Mon Jan 22 20:26:45 UTC 2018
#@# Parcellation Stats 2 rh Mon Jan 22 20:27:59 UTC 2018
#@# Cortical Parc 3 lh Mon Jan 22 20:29:16 UTC 2018
#@# Cortical Parc 3 rh Mon Jan 22 20:29:43 UTC 2018
#@# Parcellation Stats 3 lh Mon Jan 22 20:30:10 UTC 2018
#@# Parcellation Stats 3 rh Mon Jan 22 20:31:21 UTC 2018
#@# WM/GM Contrast lh Mon Jan 22 20:32:31 UTC 2018
#@# WM/GM Contrast rh Mon Jan 22 20:32:42 UTC 2018
#@# Relabel Hypointensities Mon Jan 22 20:32:52 UTC 2018
#@# AParc-to-ASeg aparc Mon Jan 22 20:33:30 UTC 2018
#@# AParc-to-ASeg a2009s Mon Jan 22 20:42:04 UTC 2018
#@# AParc-to-ASeg DKTatlas Mon Jan 22 20:50:40 UTC 2018
#@# APas-to-ASeg Mon Jan 22 20:59:29 UTC 2018
#@# ASeg Stats Mon Jan 22 20:59:39 UTC 2018
#@# WMParc Mon Jan 22 21:04:53 UTC 2018
#@# BA_exvivo Labels lh Mon Jan 22 21:22:24 UTC 2018
#@# BA_exvivo Labels rh Mon Jan 22 21:31:26 UTC 2018
recon-all -s 3166 finished without error at Mon Jan 22 21:40:15 UTC 2018
