status file for recon-all
Sat Jan 27 01:15:47 UTC 2018
#@# MotionCor Sat Jan 27 01:16:44 UTC 2018
#@# Talairach Sat Jan 27 01:16:59 UTC 2018
#@# Talairach Failure Detection Sat Jan 27 01:24:49 UTC 2018
#@# Nu Intensity Correction Sat Jan 27 01:24:50 UTC 2018
#@# Intensity Normalization Sat Jan 27 01:38:01 UTC 2018
#@# Skull Stripping Sat Jan 27 01:42:33 UTC 2018
#@# EM Registration Sat Jan 27 02:25:35 UTC 2018
#@# CA Normalize Sat Jan 27 02:52:32 UTC 2018
#@# CA Reg Sat Jan 27 02:55:53 UTC 2018
#@# SubCort Seg Sat Jan 27 08:24:20 UTC 2018
#@# Merge ASeg Sat Jan 27 10:07:53 UTC 2018
#@# Intensity Normalization2 Sat Jan 27 10:07:53 UTC 2018
#@# Mask BFS Sat Jan 27 10:13:55 UTC 2018
#@# WM Segmentation Sat Jan 27 10:13:57 UTC 2018
#@# Fill Sat Jan 27 10:17:18 UTC 2018
#@# Tessellate lh Sat Jan 27 10:18:39 UTC 2018
#@# Tessellate rh Sat Jan 27 10:18:49 UTC 2018
#@# Smooth1 lh Sat Jan 27 10:18:57 UTC 2018
#@# Smooth1 rh Sat Jan 27 10:19:06 UTC 2018
#@# Inflation1 lh Sat Jan 27 10:19:16 UTC 2018
#@# Inflation1 rh Sat Jan 27 10:20:12 UTC 2018
#@# QSphere lh Sat Jan 27 10:21:06 UTC 2018
#@# QSphere rh Sat Jan 27 10:26:31 UTC 2018
#@# Fix Topology Copy lh Sat Jan 27 10:32:19 UTC 2018
#@# Fix Topology Copy rh Sat Jan 27 10:32:19 UTC 2018
#@# Fix Topology lh Sat Jan 27 10:32:19 UTC 2018
#@# Fix Topology rh Sat Jan 27 11:16:58 UTC 2018
#@# Make White Surf lh Sat Jan 27 12:20:57 UTC 2018
#@# Make White Surf rh Sat Jan 27 12:29:09 UTC 2018
#@# Smooth2 lh Sat Jan 27 12:37:07 UTC 2018
#@# Smooth2 rh Sat Jan 27 12:37:15 UTC 2018
#@# Inflation2 lh Sat Jan 27 12:37:23 UTC 2018
#@# Inflation2 rh Sat Jan 27 12:38:22 UTC 2018
#@# Curv .H and .K lh Sat Jan 27 12:39:20 UTC 2018
#@# Curv .H and .K rh Sat Jan 27 12:41:36 UTC 2018
#@# Curvature Stats lh Sat Jan 27 12:44:07 UTC 2018
#@# Curvature Stats rh Sat Jan 27 12:44:13 UTC 2018
#@# Sphere lh Sat Jan 27 12:44:19 UTC 2018
#@# Sphere rh Sat Jan 27 13:54:17 UTC 2018
#@# Surf Reg lh Sat Jan 27 15:14:44 UTC 2018
#@# Surf Reg rh Sat Jan 27 16:42:10 UTC 2018
#@# Jacobian white lh Sat Jan 27 18:09:14 UTC 2018
#@# Jacobian white rh Sat Jan 27 18:09:17 UTC 2018
#@# AvgCurv lh Sat Jan 27 18:09:20 UTC 2018
#@# AvgCurv rh Sat Jan 27 18:09:22 UTC 2018
#@# Cortical Parc lh Sat Jan 27 18:09:25 UTC 2018
#@# Cortical Parc rh Sat Jan 27 18:09:49 UTC 2018
#@# Make Pial Surf lh Sat Jan 27 18:10:10 UTC 2018
#@# Make Pial Surf rh Sat Jan 27 18:32:08 UTC 2018
#@# Surf Volume lh Sat Jan 27 18:55:10 UTC 2018
#@# Surf Volume rh Sat Jan 27 18:55:16 UTC 2018
#@# Cortical ribbon mask Sat Jan 27 18:55:21 UTC 2018
#@# Parcellation Stats lh Sat Jan 27 19:23:59 UTC 2018
#@# Parcellation Stats rh Sat Jan 27 19:26:15 UTC 2018
#@# Cortical Parc 2 lh Sat Jan 27 19:28:31 UTC 2018
#@# Cortical Parc 2 rh Sat Jan 27 19:29:02 UTC 2018
#@# Parcellation Stats 2 lh Sat Jan 27 19:29:33 UTC 2018
#@# Parcellation Stats 2 rh Sat Jan 27 19:30:42 UTC 2018
#@# Cortical Parc 3 lh Sat Jan 27 19:31:56 UTC 2018
#@# Cortical Parc 3 rh Sat Jan 27 19:32:22 UTC 2018
#@# Parcellation Stats 3 lh Sat Jan 27 19:32:47 UTC 2018
#@# Parcellation Stats 3 rh Sat Jan 27 19:33:57 UTC 2018
#@# WM/GM Contrast lh Sat Jan 27 19:35:06 UTC 2018
#@# WM/GM Contrast rh Sat Jan 27 19:35:16 UTC 2018
#@# Relabel Hypointensities Sat Jan 27 19:35:26 UTC 2018
#@# AParc-to-ASeg aparc Sat Jan 27 19:36:06 UTC 2018
#@# AParc-to-ASeg a2009s Sat Jan 27 19:44:42 UTC 2018
#@# AParc-to-ASeg DKTatlas Sat Jan 27 19:52:59 UTC 2018
#@# APas-to-ASeg Sat Jan 27 20:01:11 UTC 2018
#@# ASeg Stats Sat Jan 27 20:01:21 UTC 2018
#@# WMParc Sat Jan 27 20:07:04 UTC 2018
#@# BA_exvivo Labels lh Sat Jan 27 20:23:07 UTC 2018
#@# BA_exvivo Labels rh Sat Jan 27 20:30:43 UTC 2018
recon-all -s 3788 finished without error at Sat Jan 27 20:38:35 UTC 2018
