status file for recon-all
Wed Jan 24 18:35:50 UTC 2018
#@# MotionCor Wed Jan 24 18:36:16 UTC 2018
#@# Talairach Wed Jan 24 18:36:30 UTC 2018
#@# Talairach Failure Detection Wed Jan 24 18:44:46 UTC 2018
#@# Nu Intensity Correction Wed Jan 24 18:44:48 UTC 2018
#@# Intensity Normalization Wed Jan 24 18:54:52 UTC 2018
#@# Skull Stripping Wed Jan 24 18:59:06 UTC 2018
#@# EM Registration Wed Jan 24 19:31:29 UTC 2018
#@# CA Normalize Wed Jan 24 19:58:16 UTC 2018
#@# CA Reg Wed Jan 24 20:01:22 UTC 2018
#@# SubCort Seg Thu Jan 25 01:28:18 UTC 2018
#@# Merge ASeg Thu Jan 25 03:01:24 UTC 2018
#@# Intensity Normalization2 Thu Jan 25 03:01:24 UTC 2018
#@# Mask BFS Thu Jan 25 03:07:28 UTC 2018
#@# WM Segmentation Thu Jan 25 03:07:30 UTC 2018
#@# Fill Thu Jan 25 03:10:37 UTC 2018
#@# Tessellate lh Thu Jan 25 03:11:59 UTC 2018
#@# Tessellate rh Thu Jan 25 03:12:08 UTC 2018
#@# Smooth1 lh Thu Jan 25 03:12:17 UTC 2018
#@# Smooth1 rh Thu Jan 25 03:12:25 UTC 2018
#@# Inflation1 lh Thu Jan 25 03:12:32 UTC 2018
#@# Inflation1 rh Thu Jan 25 03:13:17 UTC 2018
#@# QSphere lh Thu Jan 25 03:14:04 UTC 2018
#@# QSphere rh Thu Jan 25 03:19:02 UTC 2018
#@# Fix Topology Copy lh Thu Jan 25 03:24:16 UTC 2018
#@# Fix Topology Copy rh Thu Jan 25 03:24:16 UTC 2018
#@# Fix Topology lh Thu Jan 25 03:24:16 UTC 2018
#@# Fix Topology rh Thu Jan 25 03:56:22 UTC 2018
#@# Make White Surf lh Thu Jan 25 04:28:22 UTC 2018
#@# Make White Surf rh Thu Jan 25 04:35:08 UTC 2018
#@# Smooth2 lh Thu Jan 25 04:42:32 UTC 2018
#@# Smooth2 rh Thu Jan 25 04:42:39 UTC 2018
#@# Inflation2 lh Thu Jan 25 04:42:46 UTC 2018
#@# Inflation2 rh Thu Jan 25 04:43:34 UTC 2018
#@# Curv .H and .K lh Thu Jan 25 04:44:26 UTC 2018
#@# Curv .H and .K rh Thu Jan 25 04:46:20 UTC 2018
#@# Curvature Stats lh Thu Jan 25 04:48:20 UTC 2018
#@# Curvature Stats rh Thu Jan 25 04:48:26 UTC 2018
#@# Sphere lh Thu Jan 25 04:48:31 UTC 2018
#@# Sphere rh Thu Jan 25 05:59:50 UTC 2018
#@# Surf Reg lh Thu Jan 25 06:59:14 UTC 2018
#@# Surf Reg rh Thu Jan 25 08:18:44 UTC 2018
#@# Jacobian white lh Thu Jan 25 09:32:13 UTC 2018
#@# Jacobian white rh Thu Jan 25 09:32:16 UTC 2018
#@# AvgCurv lh Thu Jan 25 09:32:19 UTC 2018
#@# AvgCurv rh Thu Jan 25 09:32:22 UTC 2018
#@# Cortical Parc lh Thu Jan 25 09:32:24 UTC 2018
#@# Cortical Parc rh Thu Jan 25 09:32:50 UTC 2018
#@# Make Pial Surf lh Thu Jan 25 09:33:15 UTC 2018
#@# Make Pial Surf rh Thu Jan 25 09:53:32 UTC 2018
#@# Surf Volume lh Thu Jan 25 10:13:37 UTC 2018
#@# Surf Volume rh Thu Jan 25 10:13:43 UTC 2018
#@# Cortical ribbon mask Thu Jan 25 10:13:48 UTC 2018
#@# Parcellation Stats lh Thu Jan 25 10:31:30 UTC 2018
#@# Parcellation Stats rh Thu Jan 25 10:33:38 UTC 2018
#@# Cortical Parc 2 lh Thu Jan 25 10:35:47 UTC 2018
#@# Cortical Parc 2 rh Thu Jan 25 10:36:17 UTC 2018
#@# Parcellation Stats 2 lh Thu Jan 25 10:36:48 UTC 2018
#@# Parcellation Stats 2 rh Thu Jan 25 10:37:59 UTC 2018
#@# Cortical Parc 3 lh Thu Jan 25 10:39:10 UTC 2018
#@# Cortical Parc 3 rh Thu Jan 25 10:39:36 UTC 2018
#@# Parcellation Stats 3 lh Thu Jan 25 10:40:01 UTC 2018
#@# Parcellation Stats 3 rh Thu Jan 25 10:41:10 UTC 2018
#@# WM/GM Contrast lh Thu Jan 25 10:42:18 UTC 2018
#@# WM/GM Contrast rh Thu Jan 25 10:42:29 UTC 2018
#@# Relabel Hypointensities Thu Jan 25 10:42:39 UTC 2018
#@# AParc-to-ASeg aparc Thu Jan 25 10:43:23 UTC 2018
#@# AParc-to-ASeg a2009s Thu Jan 25 10:51:39 UTC 2018
#@# AParc-to-ASeg DKTatlas Thu Jan 25 10:59:59 UTC 2018
#@# APas-to-ASeg Thu Jan 25 11:08:10 UTC 2018
#@# ASeg Stats Thu Jan 25 11:08:21 UTC 2018
#@# WMParc Thu Jan 25 11:15:58 UTC 2018
#@# BA_exvivo Labels lh Thu Jan 25 11:33:31 UTC 2018
#@# BA_exvivo Labels rh Thu Jan 25 11:41:13 UTC 2018
recon-all -s 3310 finished without error at Thu Jan 25 11:49:15 UTC 2018
