status file for recon-all
Wed Jan 24 18:36:52 UTC 2018
#@# MotionCor Wed Jan 24 18:38:19 UTC 2018
#@# Talairach Wed Jan 24 18:38:34 UTC 2018
#@# Talairach Failure Detection Wed Jan 24 18:47:05 UTC 2018
#@# Nu Intensity Correction Wed Jan 24 18:47:05 UTC 2018
#@# Intensity Normalization Wed Jan 24 18:58:07 UTC 2018
#@# Skull Stripping Wed Jan 24 19:01:57 UTC 2018
#@# EM Registration Wed Jan 24 19:35:59 UTC 2018
#@# CA Normalize Wed Jan 24 20:00:37 UTC 2018
#@# CA Reg Wed Jan 24 20:03:07 UTC 2018
#@# SubCort Seg Thu Jan 25 01:40:33 UTC 2018
#@# Merge ASeg Thu Jan 25 03:25:11 UTC 2018
#@# Intensity Normalization2 Thu Jan 25 03:25:11 UTC 2018
#@# Mask BFS Thu Jan 25 03:31:20 UTC 2018
#@# WM Segmentation Thu Jan 25 03:31:25 UTC 2018
#@# Fill Thu Jan 25 03:34:36 UTC 2018
#@# Tessellate lh Thu Jan 25 03:35:52 UTC 2018
#@# Tessellate rh Thu Jan 25 03:36:01 UTC 2018
#@# Smooth1 lh Thu Jan 25 03:36:11 UTC 2018
#@# Smooth1 rh Thu Jan 25 03:36:19 UTC 2018
#@# Inflation1 lh Thu Jan 25 03:36:27 UTC 2018
#@# Inflation1 rh Thu Jan 25 03:37:20 UTC 2018
#@# QSphere lh Thu Jan 25 03:38:12 UTC 2018
#@# QSphere rh Thu Jan 25 03:43:41 UTC 2018
#@# Fix Topology Copy lh Thu Jan 25 03:49:27 UTC 2018
#@# Fix Topology Copy rh Thu Jan 25 03:49:27 UTC 2018
#@# Fix Topology lh Thu Jan 25 03:49:27 UTC 2018
#@# Fix Topology rh Thu Jan 25 04:40:20 UTC 2018
#@# Make White Surf lh Thu Jan 25 05:21:17 UTC 2018
#@# Make White Surf rh Thu Jan 25 05:29:10 UTC 2018
#@# Smooth2 lh Thu Jan 25 05:37:19 UTC 2018
#@# Smooth2 rh Thu Jan 25 05:37:28 UTC 2018
#@# Inflation2 lh Thu Jan 25 05:37:36 UTC 2018
#@# Inflation2 rh Thu Jan 25 05:38:37 UTC 2018
#@# Curv .H and .K lh Thu Jan 25 05:39:36 UTC 2018
#@# Curv .H and .K rh Thu Jan 25 05:41:45 UTC 2018
#@# Curvature Stats lh Thu Jan 25 05:43:54 UTC 2018
#@# Curvature Stats rh Thu Jan 25 05:44:00 UTC 2018
#@# Sphere lh Thu Jan 25 05:44:06 UTC 2018
#@# Sphere rh Thu Jan 25 06:53:00 UTC 2018
#@# Surf Reg lh Thu Jan 25 08:12:02 UTC 2018
#@# Surf Reg rh Thu Jan 25 10:19:47 UTC 2018
#@# Jacobian white lh Thu Jan 25 12:23:41 UTC 2018
#@# Jacobian white rh Thu Jan 25 12:23:45 UTC 2018
#@# AvgCurv lh Thu Jan 25 12:23:47 UTC 2018
#@# AvgCurv rh Thu Jan 25 12:23:50 UTC 2018
#@# Cortical Parc lh Thu Jan 25 12:23:53 UTC 2018
#@# Cortical Parc rh Thu Jan 25 12:24:18 UTC 2018
#@# Make Pial Surf lh Thu Jan 25 12:24:42 UTC 2018
#@# Make Pial Surf rh Thu Jan 25 12:47:05 UTC 2018
#@# Surf Volume lh Thu Jan 25 13:10:04 UTC 2018
#@# Surf Volume rh Thu Jan 25 13:10:10 UTC 2018
#@# Cortical ribbon mask Thu Jan 25 13:10:15 UTC 2018
#@# Parcellation Stats lh Thu Jan 25 13:39:16 UTC 2018
#@# Parcellation Stats rh Thu Jan 25 13:41:27 UTC 2018
#@# Cortical Parc 2 lh Thu Jan 25 13:43:28 UTC 2018
#@# Cortical Parc 2 rh Thu Jan 25 13:43:56 UTC 2018
#@# Parcellation Stats 2 lh Thu Jan 25 13:44:25 UTC 2018
#@# Parcellation Stats 2 rh Thu Jan 25 13:45:35 UTC 2018
#@# Cortical Parc 3 lh Thu Jan 25 13:46:46 UTC 2018
#@# Cortical Parc 3 rh Thu Jan 25 13:47:09 UTC 2018
#@# Parcellation Stats 3 lh Thu Jan 25 13:47:33 UTC 2018
#@# Parcellation Stats 3 rh Thu Jan 25 13:48:36 UTC 2018
#@# WM/GM Contrast lh Thu Jan 25 13:49:41 UTC 2018
#@# WM/GM Contrast rh Thu Jan 25 13:49:52 UTC 2018
#@# Relabel Hypointensities Thu Jan 25 13:50:01 UTC 2018
#@# AParc-to-ASeg aparc Thu Jan 25 13:50:38 UTC 2018
#@# AParc-to-ASeg a2009s Thu Jan 25 13:58:09 UTC 2018
#@# AParc-to-ASeg DKTatlas Thu Jan 25 14:05:29 UTC 2018
#@# APas-to-ASeg Thu Jan 25 14:12:49 UTC 2018
#@# ASeg Stats Thu Jan 25 14:12:59 UTC 2018
#@# WMParc Thu Jan 25 14:18:09 UTC 2018
#@# BA_exvivo Labels lh Thu Jan 25 14:35:48 UTC 2018
#@# BA_exvivo Labels rh Thu Jan 25 14:44:12 UTC 2018
recon-all -s 3361 finished without error at Thu Jan 25 14:52:33 UTC 2018
